[    0.000000] Initializing cgroup subsys cpuset
[    0.000000] Initializing cgroup subsys cpu
[    0.000000] Initializing cgroup subsys cpuacct
[    0.000000] Linux version 4.4.0-210-generic (buildd@lgw01-amd64-009) (gcc version 5.4.0 20160609 (Ubuntu 5.4.0-6ubuntu1~16.04.12) ) #242-Ubuntu SMP Fri Apr 16 09:57:56 UTC 2021 (Ubuntu 4.4.0-210.242-generic 4.4.262)
[    0.000000] Command line: BOOT_IMAGE=/boot/vmlinuz-4.4.0-210-generic root=LABEL=cloudimg-rootfs ro console=tty1 console=ttyS0
[    0.000000] KERNEL supported cpus:
[    0.000000]   Intel GenuineIntel
[    0.000000]   AMD AuthenticAMD
[    0.000000]   Centaur CentaurHauls
[    0.000000] x86/fpu: Legacy x87 FPU detected.
[    0.000000] e820: BIOS-provided physical RAM map:
[    0.000000] BIOS-e820: [mem 0x0000000000000000-0x000000000009fbff] usable
[    0.000000] BIOS-e820: [mem 0x000000000009fc00-0x000000000009ffff] reserved
[    0.000000] BIOS-e820: [mem 0x00000000000f0000-0x00000000000fffff] reserved
[    0.000000] BIOS-e820: [mem 0x0000000000100000-0x000000003ffeffff] usable
[    0.000000] BIOS-e820: [mem 0x000000003fff0000-0x000000003fffffff] ACPI data
[    0.000000] BIOS-e820: [mem 0x00000000fec00000-0x00000000fec00fff] reserved
[    0.000000] BIOS-e820: [mem 0x00000000fee00000-0x00000000fee00fff] reserved
[    0.000000] BIOS-e820: [mem 0x00000000fffc0000-0x00000000ffffffff] reserved
[    0.000000] NX (Execute Disable) protection: active
[    0.000000] SMBIOS 2.5 present.
[    0.000000] Hypervisor detected: KVM
[    0.000000] Kernel/User page tables isolation: disabled
[    0.000000] e820: last_pfn = 0x3fff0 max_arch_pfn = 0x400000000
[    0.000000] MTRR: Disabled
[    0.000000] x86/PAT: MTRRs disabled, skipping PAT initialization too.
[    0.000000] CPU MTRRs all blank - virtualized system.
[    0.000000] x86/PAT: Configuration [0-7]: WB  WT  UC- UC  WB  WT  UC- UC  
[    0.000000] found SMP MP-table at [mem 0x0009fff0-0x0009ffff] mapped at [ffff88000009fff0]
[    0.000000] Scanning 1 areas for low memory corruption
[    0.000000] RAMDISK: [mem 0x362dc000-0x37165fff]
[    0.000000] ACPI: Early table checksum verification disabled
[    0.000000] ACPI: RSDP 0x00000000000E0000 000024 (v02 VBOX  )
[    0.000000] ACPI: XSDT 0x000000003FFF0030 00003C (v01 VBOX   VBOXXSDT 00000001 ASL  00000061)
[    0.000000] ACPI: FACP 0x000000003FFF00F0 0000F4 (v04 VBOX   VBOXFACP 00000001 ASL  00000061)
[    0.000000] ACPI: DSDT 0x000000003FFF0470 002325 (v02 VBOX   VBOXBIOS 00000002 INTL 20100528)
[    0.000000] ACPI: FACS 0x000000003FFF0200 000040
[    0.000000] ACPI: FACS 0x000000003FFF0200 000040
[    0.000000] ACPI: APIC 0x000000003FFF0240 00005C (v02 VBOX   VBOXAPIC 00000001 ASL  00000061)
[    0.000000] ACPI: SSDT 0x000000003FFF02A0 0001CC (v01 VBOX   VBOXCPUT 00000002 INTL 20100528)
[    0.000000] No NUMA configuration found
[    0.000000] Faking a node at [mem 0x0000000000000000-0x000000003ffeffff]
[    0.000000] NODE_DATA(0) allocated [mem 0x3ffeb000-0x3ffeffff]
[    0.000000] kvm-clock: Using msrs 4b564d01 and 4b564d00
[    0.000000] kvm-clock: cpu 0, msr 0:3ffe3001, primary cpu clock
[    0.000000] kvm-clock: using sched offset of 4652944487 cycles
[    0.000000] clocksource: kvm-clock: mask: 0xffffffffffffffff max_cycles: 0x1cd42e4dffb, max_idle_ns: 881590591483 ns
[    0.000000] Zone ranges:
[    0.000000]   DMA      [mem 0x0000000000001000-0x0000000000ffffff]
[    0.000000]   DMA32    [mem 0x0000000001000000-0x000000003ffeffff]
[    0.000000]   Normal   empty
[    0.000000]   Device   empty
[    0.000000] Movable zone start for each node
[    0.000000] Early memory node ranges
[    0.000000]   node   0: [mem 0x0000000000001000-0x000000000009efff]
[    0.000000]   node   0: [mem 0x0000000000100000-0x000000003ffeffff]
[    0.000000] Initmem setup node 0 [mem 0x0000000000001000-0x000000003ffeffff]
[    0.000000] ACPI: PM-Timer IO Port: 0x4008
[    0.000000] IOAPIC[0]: apic_id 2, version 32, address 0xfec00000, GSI 0-23
[    0.000000] ACPI: INT_SRC_OVR (bus 0 bus_irq 0 global_irq 2 dfl dfl)
[    0.000000] ACPI: INT_SRC_OVR (bus 0 bus_irq 9 global_irq 9 low level)
[    0.000000] Using ACPI (MADT) for SMP configuration information
[    0.000000] smpboot: Allowing 2 CPUs, 0 hotplug CPUs
[    0.000000] PM: Registered nosave memory: [mem 0x00000000-0x00000fff]
[    0.000000] PM: Registered nosave memory: [mem 0x0009f000-0x0009ffff]
[    0.000000] PM: Registered nosave memory: [mem 0x000a0000-0x000effff]
[    0.000000] PM: Registered nosave memory: [mem 0x000f0000-0x000fffff]
[    0.000000] e820: [mem 0x40000000-0xfebfffff] available for PCI devices
[    0.000000] Booting paravirtualized kernel on KVM
[    0.000000] clocksource: refined-jiffies: mask: 0xffffffff max_cycles: 0xffffffff, max_idle_ns: 7645519600211568 ns
[    0.000000] setup_percpu: NR_CPUS:512 nr_cpumask_bits:512 nr_cpu_ids:2 nr_node_ids:1
[    0.000000] PERCPU: Embedded 33 pages/cpu @ffff88003fc00000 s95192 r8192 d31784 u1048576
[    0.000000] Built 1 zonelists in Node order, mobility grouping on.  Total pages: 257912
[    0.000000] Policy zone: DMA32
[    0.000000] Kernel command line: BOOT_IMAGE=/boot/vmlinuz-4.4.0-210-generic root=LABEL=cloudimg-rootfs ro console=tty1 console=ttyS0
[    0.000000] PID hash table entries: 4096 (order: 3, 32768 bytes)
[    0.000000] Memory: 997792K/1048120K available (8644K kernel code, 1332K rwdata, 4044K rodata, 1492K init, 1164K bss, 50328K reserved, 0K cma-reserved)
[    0.000000] SLUB: HWalign=64, Order=0-3, MinObjects=0, CPUs=2, Nodes=1
[    0.000000] Hierarchical RCU implementation.
[    0.000000] 	Build-time adjustment of leaf fanout to 64.
[    0.000000] 	RCU restricting CPUs from NR_CPUS=512 to nr_cpu_ids=2.
[    0.000000] RCU: Adjusting geometry for rcu_fanout_leaf=64, nr_cpu_ids=2
[    0.000000] NR_IRQS:33024 nr_irqs:440 16
[    0.000000] Console: colour VGA+ 80x25
[    0.000000] console [tty1] enabled
[    0.000000] console [ttyS0] enabled
[    0.000000] tsc: Detected 2419.198 MHz processor
[    1.015648] Calibrating delay loop (skipped) preset value.. 4838.39 BogoMIPS (lpj=9676792)
[    1.029686] pid_max: default: 32768 minimum: 301
[    1.038311] ACPI: Core revision 20150930
[    1.047585] ACPI: 2 ACPI AML tables successfully acquired and loaded
[    1.062216] Security Framework initialized
[    1.070573] Yama: becoming mindful.
[    1.076224] AppArmor: AppArmor initialized
[    1.082799] Dentry cache hash table entries: 131072 (order: 8, 1048576 bytes)
[    1.102070] Inode-cache hash table entries: 65536 (order: 7, 524288 bytes)
[    1.124330] Mount-cache hash table entries: 2048 (order: 2, 16384 bytes)
[    1.141561] Mountpoint-cache hash table entries: 2048 (order: 2, 16384 bytes)
[    1.162299] Initializing cgroup subsys io
[    1.177287] Initializing cgroup subsys memory
[    1.189687] Initializing cgroup subsys devices
[    1.204548] Initializing cgroup subsys freezer
[    1.216296] Initializing cgroup subsys net_cls
[    1.225550] Initializing cgroup subsys perf_event
[    1.234830] Initializing cgroup subsys net_prio
[    1.247552] Initializing cgroup subsys hugetlb
[    1.256301] Initializing cgroup subsys pids
[    1.268790] mce: CPU supports 0 MCE banks
[    1.277768] Last level iTLB entries: 4KB 0, 2MB 0, 4MB 0
[    1.289839] Last level dTLB entries: 4KB 0, 2MB 0, 4MB 0, 1GB 0
[    1.301897] Spectre V1 : Mitigation: usercopy/swapgs barriers and __user pointer sanitization
[    1.321998] Spectre V2 : Mitigation: Enhanced IBRS
[    1.331808] Spectre V2 : Spectre v2 / SpectreRSB mitigation: Filling RSB on context switch
[    1.348812] Speculative Store Bypass: Vulnerable
[    1.429940] Freeing SMP alternatives memory: 36K
[    1.596835] ftrace: allocating 32380 entries in 127 pages
[    2.609631] smpboot: APIC(0) Converting physical 0 to logical package 0
[    2.628086] smpboot: Max logical packages: 1
[    2.669059] ..TIMER: vector=0x30 apic1=0 pin1=2 apic2=-1 pin2=-1
[    2.790569] smpboot: CPU0: 11th Gen Intel(R) Core(TM) i5-1135G7 @ 2.40GHz (family: 0x6, model: 0x8c, stepping: 0x1)
[    2.812465] Performance Events: unsupported p6 CPU model 140 no PMU driver, software events only.
[    2.991059] KVM setup paravirtual spinlock
[    2.998333] x86: Booting SMP configuration:
[    3.004478] .... node  #0, CPUs:      #1
[    3.013131] kvm-clock: cpu 1, msr 0:3ffe3041, secondary cpu clock
[    3.021790] mce: CPU supports 0 MCE banks
[    3.028144] x86: Booted up 1 node, 2 CPUs
[    3.034715] smpboot: Total of 2 processors activated (9676.79 BogoMIPS)
[    3.048377] devtmpfs: initialized
[    3.058304] evm: security.selinux
[    3.063568] evm: security.SMACK64
[    3.069597] evm: security.SMACK64EXEC
[    3.074133] evm: security.SMACK64TRANSMUTE
[    3.080674] evm: security.SMACK64MMAP
[    3.087926] evm: security.ima
[    3.094342] evm: security.capability
[    3.101683] clocksource: jiffies: mask: 0xffffffff max_cycles: 0xffffffff, max_idle_ns: 7645041785100000 ns
[    3.118137] futex hash table entries: 512 (order: 3, 32768 bytes)
[    3.131188] pinctrl core: initialized pinctrl subsystem
[    3.141492] RTC time: 20:04:21, date: 02/07/23
[    3.149929] NET: Registered protocol family 16
[    3.167513] cpuidle: using governor ladder
[    3.187523] cpuidle: using governor menu
[    3.194953] PCCT header not found.
[    3.200819] ACPI: bus type PCI registered
[    3.207284] acpiphp: ACPI Hot Plug PCI Controller Driver version: 0.5
[    3.220150] PCI: Using configuration type 1 for base access
[    3.251447] ACPI: Added _OSI(Module Device)
[    3.258908] ACPI: Added _OSI(Processor Device)
[    3.267260] ACPI: Added _OSI(3.0 _SCP Extensions)
[    3.274775] ACPI: Added _OSI(Processor Aggregator Device)
[    3.285805] ACPI: Executed 1 blocks of module-level executable AML code
[    3.304317] ACPI: Interpreter enabled
[    3.310280] ACPI: (supports S0 S5)
[    3.316108] ACPI: Using IOAPIC for interrupt routing
[    3.324944] PCI: Using host bridge windows from ACPI; if necessary, use "pci=nocrs" and report a bug
[    3.353620] ACPI: PCI Root Bridge [PCI0] (domain 0000 [bus 00-ff])
[    3.363068] acpi PNP0A03:00: _OSC: OS supports [ASPM ClockPM Segments MSI]
[    3.374936] acpi PNP0A03:00: _OSC: not requesting OS control; OS requires [ExtendedConfig ASPM ClockPM MSI]
[    3.391501] acpi PNP0A03:00: fail to add MMCONFIG information, can't access extended PCI configuration space under this bridge.
[    3.412014] PCI host bridge to bus 0000:00
[    3.419002] pci_bus 0000:00: root bus resource [io  0x0000-0x0cf7 window]
[    3.429240] pci_bus 0000:00: root bus resource [io  0x0d00-0xffff window]
[    3.440184] pci_bus 0000:00: root bus resource [mem 0x000a0000-0x000bffff window]
[    3.451962] pci_bus 0000:00: root bus resource [mem 0x40000000-0xfdffffff window]
[    3.463873] pci_bus 0000:00: root bus resource [bus 00-ff]
[    3.483619] pci 0000:00:01.1: legacy IDE quirk: reg 0x10: [io  0x01f0-0x01f7]
[    3.494312] pci 0000:00:01.1: legacy IDE quirk: reg 0x14: [io  0x03f6]
[    3.506785] pci 0000:00:01.1: legacy IDE quirk: reg 0x18: [io  0x0170-0x0177]
[    3.517507] pci 0000:00:01.1: legacy IDE quirk: reg 0x1c: [io  0x0376]
[    3.564930] pci 0000:00:07.0: quirk: [io  0x4000-0x403f] claimed by PIIX4 ACPI
[    3.579236] pci 0000:00:07.0: quirk: [io  0x4100-0x410f] claimed by PIIX4 SMB
[    3.610396] ACPI: PCI Interrupt Link [LNKA] (IRQs 5 9 10 *11)
[    3.625913] ACPI: PCI Interrupt Link [LNKB] (IRQs 5 9 *10 11)
[    3.640039] ACPI: PCI Interrupt Link [LNKC] (IRQs 5 *9 10 11)
[    3.654893] ACPI: PCI Interrupt Link [LNKD] (IRQs 5 9 10 *11)
[    3.667772] ACPI: Enabled 2 GPEs in block 00 to 07
[    3.679404] vgaarb: setting as boot device: PCI:0000:00:02.0
[    3.723838] vgaarb: device added: PCI:0000:00:02.0,decodes=io+mem,owns=io+mem,locks=none
[    3.738909] vgaarb: loaded
[    3.743756] vgaarb: bridge control possible 0000:00:02.0
[    3.753195] SCSI subsystem initialized
[    3.762233] ACPI: bus type USB registered
[    3.770381] usbcore: registered new interface driver usbfs
[    3.779277] usbcore: registered new interface driver hub
[    3.788201] usbcore: registered new device driver usb
[    3.799844] PCI: Using ACPI for IRQ routing
[    3.809158] NetLabel: Initializing
[    3.814670] NetLabel:  domain hash size = 128
[    3.821539] NetLabel:  protocols = UNLABELED CIPSOv4
[    3.829795] NetLabel:  unlabeled traffic allowed by default
[    3.839474] amd_nb: Cannot enumerate AMD northbridges
[    3.851864] clocksource: Switched to clocksource kvm-clock
[    3.908293] AppArmor: AppArmor Filesystem Enabled
[    3.915619] pnp: PnP ACPI init
[    3.925027] pnp: PnP ACPI: found 3 devices
[    4.005270] clocksource: acpi_pm: mask: 0xffffff max_cycles: 0xffffff, max_idle_ns: 2085701024 ns
[    4.019481] NET: Registered protocol family 2
[    4.032784] TCP established hash table entries: 8192 (order: 4, 65536 bytes)
[    4.044213] TCP bind hash table entries: 8192 (order: 5, 131072 bytes)
[    4.055216] TCP: Hash tables configured (established 8192 bind 8192)
[    4.066863] UDP hash table entries: 512 (order: 2, 16384 bytes)
[    4.075792] UDP-Lite hash table entries: 512 (order: 2, 16384 bytes)
[    4.085079] NET: Registered protocol family 1
[    4.089935] pci 0000:00:00.0: Limiting direct PCI/PCI transfers
[    4.097328] pci 0000:00:01.0: Activating ISA DMA hang workarounds
[    4.104975] Unpacking initramfs...
[    4.853836] Freeing initrd memory: 14888K
[    4.861799] clocksource: tsc: mask: 0xffffffffffffffff max_cycles: 0x22df0f35937, max_idle_ns: 440795269039 ns
[    4.875445] platform rtc_cmos: registered platform RTC device (no PNP device found)
[    4.885338] Scanning for low memory corruption every 60 seconds
[    4.897780] audit: initializing netlink subsys (disabled)
[    4.909889] audit: type=2000 audit(1675800266.835:1): initialized
[    4.924347] Initialise system trusted keyring
[    4.937850] HugeTLB registered 2 MB page size, pre-allocated 0 pages
[    4.953115] zbud: loaded
[    4.959318] VFS: Disk quotas dquot_6.6.0
[    4.965914] VFS: Dquot-cache hash table entries: 512 (order 0, 4096 bytes)
[    4.977228] squashfs: version 4.0 (2009/01/31) Phillip Lougher
[    4.989747] fuse init (API version 7.23)
[    4.997019] Key type big_key registered
[    5.004589] Allocating IMA MOK and blacklist keyrings.
[    5.030991] Key type asymmetric registered
[    5.038387] Asymmetric key parser 'x509' registered
[    5.046924] Block layer SCSI generic (bsg) driver version 0.4 loaded (major 249)
[    5.061211] io scheduler noop registered
[    5.068832] io scheduler deadline registered (default)
[    5.078446] io scheduler cfq registered
[    5.087137] pci_hotplug: PCI Hot Plug PCI Core version: 0.5
[    5.095405] pciehp: PCI Express Hot Plug Controller Driver version: 0.4
[    5.105530] ACPI: AC Adapter [AC] (off-line)
[    5.114370] input: Power Button as /devices/LNXSYSTM:00/LNXPWRBN:00/input/input0
[    5.127132] ACPI: Power Button [PWRF]
[    5.134479] input: Sleep Button as /devices/LNXSYSTM:00/LNXSLPBN:00/input/input1
[    5.147131] ACPI: Sleep Button [SLPF]
[    5.157288] GHES: HEST is not enabled!
[    5.166654] ACPI: Battery Slot [BAT0] (battery present)
[    5.175010] Serial: 8250/16550 driver, 32 ports, IRQ sharing enabled
[    5.217778] 00:02: ttyS0 at I/O 0x3f8 (irq = 4, base_baud = 115200) is a 16550A
[    5.237186] Linux agpgart interface v0.103
[    5.265604] loop: module loaded
[    5.278472] scsi host0: ata_piix
[    5.287318] scsi host1: ata_piix
[    5.293699] ata1: PATA max UDMA/33 cmd 0x1f0 ctl 0x3f6 bmdma 0xd000 irq 14
[    5.306169] ata2: PATA max UDMA/33 cmd 0x170 ctl 0x376 bmdma 0xd008 irq 15
[    5.319848] libphy: Fixed MDIO Bus: probed
[    5.328565] tun: Universal TUN/TAP device driver, 1.6
[    5.338179] tun: (C) 1999-2004 Max Krasnyansky <maxk@qualcomm.com>
[    5.348604] PPP generic driver version 2.4.2
[    5.357057] ehci_hcd: USB 2.0 'Enhanced' Host Controller (EHCI) Driver
[    5.367492] ehci-pci: EHCI PCI platform driver
[    5.376885] ehci-platform: EHCI generic platform driver
[    5.387362] ohci_hcd: USB 1.1 'Open' Host Controller (OHCI) Driver
[    5.400577] ohci-pci: OHCI PCI platform driver
[    5.409541] ohci-platform: OHCI generic platform driver
[    5.419517] uhci_hcd: USB Universal Host Controller Interface driver
[    5.431799] i8042: PNP: PS/2 Controller [PNP0303:PS2K,PNP0f03:PS2M] at 0x60,0x64 irq 1,12
[    5.453362] serio: i8042 KBD port at 0x60,0x64 irq 1
[    5.462027] serio: i8042 AUX port at 0x60,0x64 irq 12
[    5.471177] mousedev: PS/2 mouse device common for all mice
[    5.487430] input: AT Translated Set 2 keyboard as /devices/platform/i8042/serio0/input/input2
[    5.507556] rtc_cmos rtc_cmos: rtc core: registered rtc_cmos as rtc0
[    5.523261] rtc_cmos rtc_cmos: alarms up to one day, 114 bytes nvram
[    5.536243] i2c /dev entries driver
[    5.543355] device-mapper: uevent: version 1.0.3
[    5.551685] device-mapper: ioctl: 4.34.0-ioctl (2015-10-28) initialised: dm-devel@redhat.com
[    5.566081] ledtrig-cpu: registered to indicate activity on CPUs
[    5.579410] NET: Registered protocol family 10
[    5.590220] NET: Registered protocol family 17
[    5.599342] Key type dns_resolver registered
[    5.608735] registered taskstats version 1
[    5.617581] Loading compiled-in X.509 certificates
[    5.628192] Loaded X.509 cert 'Build time autogenerated kernel key: cf00e047681d67edb2720680708b7d9498083038'
[    5.645261] zswap: loaded using pool lzo/zbud
[    5.662018] Key type trusted registered
[    5.687381] Key type encrypted registered
[    5.695134] AppArmor: AppArmor sha1 policy hashing enabled
[    5.705314] ima: No TPM chip found, activating TPM-bypass!
[    5.715934] ima: Allocated hash algorithm: sha1
[    5.724893] evm: HMAC attrs: 0x1
[    5.734907]   Magic number: 11:136:93
[    5.742721] rtc_cmos rtc_cmos: setting system clock to 2023-02-07 20:04:24 UTC (1675800264)
[    5.760584] BIOS EDD facility v0.16 2004-Jun-25, 0 devices found
[    5.771196] EDD information not available.
[    5.785830] Freeing unused kernel memory: 1492K
[    5.794545] Write protecting the kernel read-only data: 14336k
[    5.808858] Freeing unused kernel memory: 1584K
[    5.819482] Freeing unused kernel memory: 52K
Loading, please wait...
starting version 229
[    5.878398] random: systemd-udevd: uninitialized urandom read (16 bytes read, 5 bits of entropy available)
[    5.878431] random: udevadm: uninitialized urandom read (16 bytes read, 5 bits of entropy available)
[    5.878467] random: udevadm: uninitialized urandom read (16 bytes read, 5 bits of entropy available)
[    5.902160] random: udevadm: uninitialized urandom read (16 bytes read, 5 bits of entropy available)
[    5.902235] random: udevadm: uninitialized urandom read (16 bytes read, 5 bits of entropy available)
[    5.902670] random: udevadm: uninitialized urandom read (16 bytes read, 5 bits of entropy available)
[    5.902756] random: udevadm: uninitialized urandom read (16 bytes read, 5 bits of entropy available)
[    5.902947] random: udevadm: uninitialized urandom read (16 bytes read, 5 bits of entropy available)
[    5.902984] random: udevadm: uninitialized urandom read (16 bytes read, 5 bits of entropy available)
[    5.903016] random: udevadm: uninitialized urandom read (16 bytes read, 5 bits of entropy available)
[    6.118943] e1000: Intel(R) PRO/1000 Network Driver - version 7.3.21-k8-NAPI
[    6.134282] e1000: Copyright (c) 1999-2006 Intel Corporation.
[    6.172675] Fusion MPT base driver 3.04.20
[    6.182149] Copyright (c) 1999-2008 LSI Corporation
[    6.239204] Fusion MPT SPI Host driver 3.04.20
[    6.480680] input: ImExPS/2 Generic Explorer Mouse as /devices/platform/i8042/serio1/input/input4
[    7.245972] e1000 0000:00:03.0 eth0: (PCI:33MHz:32-bit) 02:be:82:6b:cc:1d
[    7.259549] e1000 0000:00:03.0 eth0: Intel(R) PRO/1000 Network Connection
[    8.207517] e1000 0000:00:08.0 eth1: (PCI:33MHz:32-bit) 08:00:27:2f:3f:76
[    8.219563] e1000 0000:00:08.0 eth1: Intel(R) PRO/1000 Network Connection
[    8.239010] e1000 0000:00:03.0 enp0s3: renamed from eth0
[    8.253716] mptbase: ioc0: Initiating bringup
[    8.273027] e1000 0000:00:08.0 enp0s8: renamed from eth1
[    8.349049] ioc0: LSI53C1030 A0: Capabilities={Initiator}
[    8.556284] scsi host2: ioc0: LSI53C1030 A0, FwRev=00000000h, Ports=1, MaxQ=256, IRQ=20
[    8.693641] scsi 2:0:0:0: Direct-Access     VBOX     HARDDISK         1.0  PQ: 0 ANSI: 5
[    8.710372] scsi target2:0:0: Beginning Domain Validation
[    8.736302] scsi target2:0:0: Domain Validation skipping write tests
[    8.746618] scsi target2:0:0: Ending Domain Validation
[    8.759416] scsi target2:0:0: asynchronous
[    8.775615] scsi 2:0:1:0: Direct-Access     VBOX     HARDDISK         1.0  PQ: 0 ANSI: 5
[    8.789773] scsi target2:0:1: Beginning Domain Validation
[    8.813550] scsi target2:0:1: Domain Validation skipping write tests
[    8.824350] scsi target2:0:1: Ending Domain Validation
[    8.834358] scsi target2:0:1: asynchronous
[    8.902446] sd 2:0:0:0: Attached scsi generic sg0 type 0
[    8.914189] sd 2:0:0:0: [sda] 83886080 512-byte logical blocks: (42.9 GB/40.0 GiB)
[    8.929894] sd 2:0:1:0: Attached scsi generic sg1 type 0
[    8.941295] sd 2:0:1:0: [sdb] 20480 512-byte logical blocks: (10.5 MB/10.0 MiB)
[    8.954985] sd 2:0:0:0: [sda] Write Protect is off
[    8.965115] sd 2:0:1:0: [sdb] Write Protect is off
[    8.980727] sd 2:0:0:0: [sda] Incomplete mode parameter data
[    8.990292] sd 2:0:0:0: [sda] Assuming drive cache: write through
[    9.002961] sd 2:0:1:0: [sdb] Incomplete mode parameter data
[    9.012686] sd 2:0:1:0: [sdb] Assuming drive cache: write through
[    9.034373]  sda: sda1
[    9.045766] sd 2:0:0:0: [sda] Attached SCSI disk
[    9.047651] sd 2:0:1:0: [sdb] Attached SCSI disk
Begin: Loading essential drivers ... [   11.527428] md: linear personality registered for level -1
[   11.547146] md: multipath personality registered for level -4
[   11.569427] md: raid0 personality registered for level 0
[   11.614692] md: raid1 personality registered for level 1
[   11.708634] raid6: sse2x1   gen()  4454 MB/s
[   11.784368] raid6: sse2x1   xor()  2872 MB/s
[   11.856094] raid6: sse2x2   gen()  6173 MB/s
[   11.945071] raid6: sse2x2   xor()  3988 MB/s
[   12.020097] raid6: sse2x4   gen()  3965 MB/s
[   12.096793] raid6: sse2x4   xor()  3634 MB/s
[   12.105535] raid6: using algorithm sse2x2 gen() 6173 MB/s
[   12.115258] raid6: .... xor() 3988 MB/s, rmw enabled
[   12.125275] raid6: using ssse3x2 recovery algorithm
[   12.142593] xor: measuring software checksum speed
[   12.193209]    prefetch64-sse:  7452.000 MB/sec
[   12.240041]    generic_sse:  9307.000 MB/sec
[   12.248878] xor: using function: generic_sse (9307.000 MB/sec)
[   12.265418] async_tx: api initialized (async)
[   12.356312] md: raid6 personality registered for level 6
[   12.365541] md: raid5 personality registered for level 5
[   12.375153] md: raid4 personality registered for level 4
[   12.422404] md: raid10 personality registered for level 10
done.
Begin: Running /scripts/init-premount ... done.
Begin: Mounting root file system ... Begin: Running /scripts/local-top ... done.
Begin: Running /scripts/local-premount ... [   12.590729] Btrfs loaded
Scanning for Btrfs filesystems
done.
Warning: fsck not present, so skipping root file system
[   12.734328] EXT4-fs (sda1): mounted filesystem with ordered data mode. Opts: (null)
done.
Begin: Running /scripts/local-bottom ... done.
Begin: Running /scripts/init-bottom ... done.
[   13.095784] systemd[1]: systemd 229 running in system mode. (+PAM +AUDIT +SELINUX +IMA +APPARMOR +SMACK +SYSVINIT +UTMP +LIBCRYPTSETUP +GCRYPT +GNUTLS +ACL +XZ -LZ4 +SECCOMP +BLKID +ELFUTILS +KMOD -IDN)
[   13.128066] systemd[1]: Detected virtualization oracle.
[   13.138510] systemd[1]: Detected architecture x86-64.

Welcome to [1mUbuntu 16.04.7 LTS[0m!

[   13.168664] systemd[1]: Set hostname to <ubuntu-xenial>.
[   13.646573] systemd[1]: Listening on Journal Audit Socket.
[[0;32m  OK  [0m] Listening on Journal Audit Socket.
[   13.662554] systemd[1]: Listening on LVM2 poll daemon socket.
[[0;32m  OK  [0m] Listening on LVM2 poll daemon socket.
[   13.677672] systemd[1]: Listening on /dev/initctl Compatibility Named Pipe.
[[0;32m  OK  [0m] Listening on /dev/initctl Compatibility Named Pipe.
[   13.695151] systemd[1]: Listening on LVM2 metadata daemon socket.
[[0;32m  OK  [0m] Listening on LVM2 metadata daemon socket.
[   13.710353] systemd[1]: Listening on udev Control Socket.
[[0;32m  OK  [0m] Listening on udev Control Socket.
[   13.725466] systemd[1]: Started Forward Password Requests to Wall Directory Watch.
[[0;32m  OK  [0m] Started Forward Password Requests to Wall Directory Watch.
[   13.745551] systemd[1]: Listening on fsck to fsckd communication Socket.
[[0;32m  OK  [0m] Listening on fsck to fsckd communication Socket.
[   13.766385] systemd[1]: Started Trigger resolvconf update for networkd DNS.
[[0;32m  OK  [0m] Started Trigger resolvconf update for networkd DNS.
[   13.786653] systemd[1]: Listening on Device-mapper event daemon FIFOs.
[[0;32m  OK  [0m] Listening on Device-mapper event daemon FIFOs.
[   13.804070] systemd[1]: Set up automount Arbitrary Executable File Formats File System Automount Point.
[[0;32m  OK  [0m] Set up automount Arbitrary Executab...ats File System Automount Point.
[   13.826665] systemd[1]: Listening on Journal Socket.
[[0;32m  OK  [0m] Listening on Journal Socket.
[   13.842209] systemd[1]: Listening on Journal Socket (/dev/log).
[[0;32m  OK  [0m] Listening on Journal Socket (/dev/log).
[   13.862300] systemd[1]: Reached target Swap.
[[0;32m  OK  [0m] Reached target Swap.
[   13.878091] systemd[1]: Created slice System Slice.
[[0;32m  OK  [0m] Created slice System Slice.
[   13.912563] systemd[1]: Mounting Debug File System...
         Mounting Debug File System...
[   13.931451] systemd[1]: Starting Create list of required static device nodes for the current kernel...
         Starting Create list of required st... nodes for the current kernel...
[   13.967215] systemd[1]: Starting Load Kernel Modules...
         Starting Load Kernel Modules...
[   13.984676] systemd[1]: Created slice system-serial\x2dgetty.slice.
[[0;32m  OK  [0m] Created slice system-serial\x2dgetty.slice.
[   14.021729] Loading iSCSI transport class v2.0-870.
[   14.030610] systemd[1]: Starting Monitoring of LVM2 mirrors, snapshots etc. using dmeventd or progress polling...
         Starting Monitoring of LVM2 mirrors... dmeventd or progress polling...
[   14.067855] systemd[1]: Starting File System Check on Root Device...
         Starting File System Check on Root Device...
[   14.099437] systemd[1]: Mounting Huge Pages File System...
         Mounting Huge Pages File System...
[   14.118230] systemd[1]: Reached target Encrypted Volumes.
[[0;32m  OK  [0m] Reached target Encrypted Volumes.
[   14.151200] iscsi: registered transport (tcp)
[   14.162279] random: nonblocking pool is initialized
[   14.180793] systemd[1]: Starting Set console keymap...
         Starting Set console keymap...
[   14.211439] systemd[1]: Listening on Syslog Socket.
[[0;32m  OK  [0m] Listening on Syslog Socket.
[   14.240669] systemd[1]: Starting Journal Service...
         Starting Journal Service...
[   14.261315] systemd[1]: Reached target System Time Synchronized.
[[0;32m  OK  [0m] Reached target System Time Synchronized.
[   14.312731] systemd[1]: Mounting POSIX Message Queue File System...
         Mounting POSIX Message Queue File System...
[   14.351832] systemd[1]: Created slice User and Session Slice.
[[0;32m  OK  [0m] Created slice User and Session Slice.
[   14.381757] systemd[1]: Reached target Slices.
[[0;32m  OK  [0m] Reached target Slices.
[   14.409462] systemd[1]: Listening on udev Kernel Socket.
[[0;32m  OK  [0m] Listening on udev Kernel Socket.
[   14.438037] systemd[1]: Reached target User and Group Name Lookups.
[[0;32m  OK  [0m] Reached target User and Group Name Lookups.
[   14.506197] systemd[1]: Starting Nameserver information manager...
         Starting Nameserver information manager...
[   14.535545] systemd[1]: Starting Uncomplicated firewall...
         Starting Uncomplicated firewall...
[   14.570021] systemd[1]: Mounted Huge Pages File System.
[[0;32m  OK  [0m] Mounted Huge Pages File System.
[   14.603798] systemd[1]: Mounted POSIX Message Queue File System.
[   14.616791] iscsi: registered transport (iser)
[[0;32m  OK  [0m] Mounted POSIX Message Queue File System.
[   14.639275] systemd[1]: Mounted Debug File System.
[[0;32m  OK  [0m] Mounted Debug File System.
[   14.660134] systemd[1]: Started Journal Service.
[[0;32m  OK  [0m] Started Journal Service.
[[0;32m  OK  [0m] Started Create list of required sta...ce nodes for the current kernel.
[[0;32m  OK  [0m] Started Load Kernel Modules.
[[0;32m  OK  [0m] Started File System Check on Root Device.
[[0;32m  OK  [0m] Started Set console keymap.
[[0;32m  OK  [0m] Started Uncomplicated firewall.
[[0;32m  OK  [0m] Started Nameserver information manager.
[[0;32m  OK  [0m] Started LVM2 metadata daemon.
[[0;32m  OK  [0m] Started File System Check Daemon to report status.
         Starting Remount Root and Kernel File Systems...
[   14.915653] EXT4-fs (sda1): re-mounted. Opts: (null)
         Starting Apply Kernel Variables...
         Mounting FUSE Control File System...
         Starting Create Static Device Nodes in /dev...
[[0;32m  OK  [0m] Mounted FUSE Control File System.
[[0;32m  OK  [0m] Started Monitoring of LVM2 mirrors,...ng dmeventd or progress polling.
[[0;32m  OK  [0m] Started Remount Root and Kernel File Systems.
[[0;32m  OK  [0m] Started Apply Kernel Variables.
[[0;32m  OK  [0m] Started Create Static Device Nodes in /dev.
         Starting udev Kernel Device Manager...
         Starting udev Coldplug all Devices...
         Starting Load/Save Random Seed...
         Starting Flush Journal to Persistent Storage...
[[0;32m  OK  [0m] Reached target Local File Systems (Pre).
[[0;32m  OK  [0m] Reached target Local File Systems.
         Starting Initial cloud-init job (pre-networking)...
         Starting LSB: AppArmor initialization...
         Starting Set console font and keymap...
         Starting Tell Plymouth To Write Out Runtime Data...
[[0;32m  OK  [0m] Started Load/Save Random Seed.
[[0;32m  OK  [0m] Started Flush Journal to Persistent Storage.
         Starting Create Volatile Files and Directories...
[[0;32m  OK  [0m] Started Tell Plymouth To Write Out Runtime Data.
[[0;32m  OK  [0m] Started udev Kernel Device Manager.
[[0;32m  OK  [0m] Started Create Volatile Files and Directories.
         Starting Update UTMP about System Boot/Shutdown...
[[0;32m  OK  [0m] Started Update UTMP about System Boot/Shutdown.
[[0;32m  OK  [0m] Started udev Coldplug all Devices.
[[0;32m  OK  [0m] Started Dispatch Password Requests to Console Directory Watch.
[[0;32m  OK  [0m] Started LSB: AppArmor initialization.
         Starting Load AppArmor profiles managed internally by snapd...
[[0;32m  OK  [0m] Started Load AppArmor profiles managed internally by snapd.
[[0;32m  OK  [0m] Found device /dev/ttyS0.
[   15.944912] cloud-init[454]: Cloud-init v. 21.1-19-gbad84ad4-0ubuntu1~16.04.2 running 'init-local' at Tue, 07 Feb 2023 20:04:36 +0000. Up 15.26 seconds.
[[0;32m  OK  [0m] Listening on Load/Save RF Kill Switch Status /dev/rfkill Watch.
[[0;32m  OK  [0m] Started Initial cloud-init job (pre-networking).
[[0;32m  OK  [0m] Found device 82540EM Gigabit Ethern...r (PRO/1000 MT Desktop Adapter).
[[0;32m  OK  [0m] Found device 82540EM Gigabit Ethern...r (PRO/1000 MT Desktop Adapter).
[[0;32m  OK  [0m] Reached target Network (Pre).
[[0;32m  OK  [0m] Started ifup for enp0s8.
[[0;32m  OK  [0m] Started ifup for enp0s3.
         Starting Raise network interfaces...
[[0;32m  OK  [0m] Started Set console font and keymap.
[[0;32m  OK  [0m] Created slice system-getty.slice.
[[0;32m  OK  [0m] Started Raise network interfaces.
[[0;32m  OK  [0m] Reached target Network.
         Starting Initial cloud-init job (metadata service crawler)...
[   19.505611] cloud-init[1061]: Cloud-init v. 21.1-19-gbad84ad4-0ubuntu1~16.04.2 running 'init' at Tue, 07 Feb 2023 20:04:40 +0000. Up 19.01 seconds.
[   19.522139] cloud-init[1061]: ci-info: ++++++++++++++++++++++++++++++++++++++Net device info+++++++++++++++++++++++++++++++++++++++
[   19.538803] cloud-init[1061]: ci-info: +--------+------+-----------------------------+---------------+--------+-------------------+
[   19.555767] cloud-init[1061]: ci-info: | Device |  Up  |           Address           |      Mask     | Scope  |     Hw-Address    |
[   19.571240] cloud-init[1061]: ci-info: +--------+------+-----------------------------+---------------+--------+-------------------+
[[0;32m  OK  [0m] Started Initial cloud-init job (metadata service crawler).
[[0;32m  OK  [0m] Reached target Cloud-config availability.
[[0;32m  OK  [0m] Reached target Network is Online.
[   19.592497] cloud-init[1061]: ci-info: | enp0s3 | True |          10.0.2.15          | 255.255.255.0 | global | 02:be:82:6b:cc:1d |
[   19.612036] cloud-init[1061]: ci-info: | enp0s3 | True |  fe80::be:82ff:fe6b:cc1d/64 |       .       |  link  | 02:be:82:6b:cc:1d |
         Starting iSCSI initiator daemon (iscsid)...
[[0;32m  OK  [0m] Reached target System Initialization.
[   19.629828] [[0;32m  OK  [0m] Started Message of the Day.
         Starting Socket activation for snappy daemon.
[[0;32m  OK  [0m] Started Daily Cleanup of Temporary Directories.
cloud-init         Starting LXD - unix socket.
[1061]: [[0;32m  OK  [0m] Started ACPI Events Check.
[[0;32m  OK  [0m] Reached target Paths.
[[0;32m  OK  [0m] Started Daily apt download activities.
[[0;32m  OK  [0m] Started Ubuntu Advantage update messaging.
[[0;32m  OK  [0m] Listening on UUID daemon activation socket.
[[0;32m  OK  [0m] Started Daily apt upgrade and clean activities.
[[0;32m  OK  [0m] Reached target Timers.
[[0;32m  OK  [0m] Listening on D-Bus System Message Bus Socket.
[[0;32m  OK  [0m] Listening on ACPID Listen Socket.
[[0;32m  OK  [0m] Listening on Socket activation for snappy daemon.
[[0;32m  OK  [0m] Listening on LXD - unix socket.
[[0;32m  OK  [0m] Reached target Sockets.
[[0;32m  OK  [0m] Reached target Basic System.
[[0;32m  OK  [0m] Started Regular background program processing daemon.
         Starting A high performance web server and a reverse proxy server...
ci-info: | enp0s8 | True |        192.168.10.100       | 255.255.255.0 | global | 08:00:27:2f:3f:76 |
         Starting LXD - container startup/shutdown...
         Starting Login Service...
[[0;32m  OK  [0m] Started Deferred execution scheduler.
         Starting Virtualbox guest utils...
[[0;32m  OK  [0m] Started D-Bus System Message Bus.
[   19.713055] cloud-init[1061]: ci-info: | enp0s8 | True | fe80::a00:27ff:fe2f:3f76/64 |       .       |  link  | 08:00:27:2f:3f:76 |
[   19.782834] cloud-init[1061]: ci-info: |   lo   | True |          127.0.0.1          |   255.0.0.0   |  host  |         .         |
[   19.812040] cloud-init[1061]: ci-info: |   lo   | True |           ::1/128           |       .       |  host  |         .         |
[   19.847732] cloud-init[1061]: ci-info: +--------+------+-----------------------------+---------------+--------+-------------------+
[   19.876722] cloud-init[1061]: ci-info: ++++++++++++++++++++++++++++Route IPv4 info++++++++++++++++++++++++++++
[   19.897157]          Starting System Logging Service...
         Starting LSB: MD monitoring daemon...
         Starting LSB: Record successful boot for GRUB...
[[0;32m  OK  [0m] Started FUSE filesystem for LXC.
cloud-init[[0;32m  OK  [0m] Started ACPI event daemon.
[1061]:          Starting /etc/rc.local Compatibility...
         Starting Accounts Service...
         Starting OpenBSD Secure Shell server...
         Starting Snap Daemon...
[[0;32m  OK  [0m] Started iSCSI initiator daemon (iscsid).
[[0;32m  OK  [0m] Started /etc/rc.local Compatibility.
ci-info: +-------+--------------+----------+---------------+-----------+-------+
         Starting Login to default iSCSI targets...
[[0;32m  OK  [0m] Started Login Service.
[[0;32m  OK  [0m] Started Unattended Upgrades Shutdown.
[   20.067111] [[0;32m  OK  [0m] Started LXD - container startup/shutdown.
[[0;32m  OK  [0m] Started System Logging Service.
cloud-init[1061]: ci-info: | Route | Destination  | Gateway  |    Genmask    | Interface | Flags |[[0;32m  OK  [0m] Started Login to default iSCSI targets.
[[0;32m  OK  [0m] Reached target Remote File Systems (Pre).

         Mounting /vagrant...
[[0;32m  OK  [0m] Started LSB: MD monitoring daemon.
[   20.224196] [[0;32m  OK  [0m] Started LSB: Record successful boot for GRUB.
cloud-init[1061]: ci-info: +-------+--------------+----------+---------------+-----------+-------+[[0;1;31mFAILED[0m] Failed to mount /vagrant.
See 'systemctl status vagrant.mount' for details.
[[0;1;33mDEPEND[0m] Dependency failed for Remote File Systems.
         Starting Permit User Sessions...
         Starting LSB: automatic crash report generation...
         Starting LSB: Set the CPU Frequency Scaling governor to "ondemand"...
         Starting LSB: daemon to balance interrupts for SMP systems...
[[0;32m  OK  [0m] Started Permit User Sessions.
         Starting Terminate Plymouth Boot Screen...
         Starting Hold until boot process finishes up...
[[0;32m  OK  [0m] Started Hold until boot process finishes up.
[[0;32m  OK  [0m] Started Serial Getty on ttyS0.
[[0;32m  OK  [0m] Started Getty on tty1.
[[0;32m  OK  [0m] Reached target Login Prompts.

         Starting Set console scheme...
[[0;32m  OK  [0m] Started Terminate Plymouth Boot Screen.
[   20.395144] cloud-init[1061]: [[0;32m  OK  [0m] Started Set console scheme.
[[0;32m  OK  [0m] Started A high performance web server and a reverse proxy server.
ci-info: |   0   |   0.0.0.0    | 10.0.2.2 |    0.0.0.0    |   enp0s3  |   UG  |[[0;32m  OK  [0m] Started LSB: Set the CPU Frequency Scaling governor to "ondemand".

[[0;32m  OK  [0m] Started OpenBSD Secure Shell server.
[   20.499684] cloud-init[1061]: ci-info: |   1   |   10.0.2.0   | 0.0.0.0  | 255.255.255.0 |   enp0s3  |   U   |
         Starting Authenticate and Authorize Users to Run Privileged Tasks...
[   20.545058] cloud-init[[0;32m  OK  [0m] Started LSB: daemon to balance interrupts for SMP systems.
[1061]: ci-info: |   2   | 192.168.10.0 | 0.0.0.0  | 255.255.255.0 |   enp0s8  |   U   |
[   20.626734] [[0;32m  OK  [0m] Started Authenticate and Authorize Users to Run Privileged Tasks.
cloud-init[1061]: ci-info: +-------+--------------+----------+---------------+-----------+-------+[[0;32m  OK  [0m] Started Accounts Service.
[[0;32m  OK  [0m] Started LSB: automatic crash report generation.

[   20.682570] cloud-init[1061]: ci-info: +++++++++++++++++++Route IPv6 info+++++++++++++++++++
[   20.714354] cloud-init[1061]: ci-info: +-------+-------------+---------+-----------+-------+
[   20.746550] [[0;32m  OK  [0m] Started Virtualbox guest utils.
cloud-init[1061]: ci-info: | Route | Destination | Gateway | Interface | Flags |
[   20.776537] cloud-init[1061]: ci-info: +-------+-------------+---------+-----------+-------+
[   20.796689] cloud-init[1061]: ci-info: |   0   |  fe80::/64  |    ::   |   enp0s8  |   U   |
[   20.813280] cloud-init[1061]: ci-info: |   1   |  fe80::/64  |    ::   |   enp0s3  |   U   |
[   20.827549] cloud-init[1061]: ci-info: |   5   |   ff00::/8  |    ::   |   enp0s8  |   U   |
[   20.840306] cloud-init[1061]: ci-info: |   6   |   ff00::/8  |    ::   |   enp0s3  |   U   |
[   20.861282] cloud-init[1061]: ci-info: +-------+-------------+---------+-----------+-------+
[[0;32m  OK  [0m] Started Snap Daemon.
         Starting Wait until snapd is fully seeded...
[[0;32m  OK  [0m] Started Wait until snapd is fully seeded.
[[0;32m  OK  [0m] Reached target Multi-User System.
[[0;32m  OK  [0m] Reached target Graphical Interface.
         Starting Update UTMP about System Runlevel Changes...
         Starting Apply the settings specified in cloud-config...
[[0;32m  OK  [0m] Started Update UTMP about System Runlevel Changes.
[   22.477545] cloud-init[1348]: Cloud-init v. 21.1-19-gbad84ad4-0ubuntu1~16.04.2 running 'modules:config' at Tue, 07 Feb 2023 20:04:43 +0000. Up 22.26 seconds.
[[0;32m  OK  [0m] Started Apply the settings specified in cloud-config.
         Starting Execute cloud user/final scripts...
[   23.402936] cloud-init[1358]: Cloud-init v. 21.1-19-gbad84ad4-0ubuntu1~16.04.2 running 'modules:final' at Tue, 07 Feb 2023 20:04:44 +0000. Up 23.20 seconds.
[   23.429328] cloud-init[1358]: Cloud-init v. 21.1-19-gbad84ad4-0ubuntu1~16.04.2 finished at Tue, 07 Feb 2023 20:04:44 +0000. Datasource DataSourceNoCloud [seed=/dev/sdb][dsmode=net].  Up 23.38 seconds
[[0;32m  OK  [0m] Started Execute cloud user/final scripts.
[[0;32m  OK  [0m] Reached target Cloud-init target.

Ubuntu 16.04.7 LTS ubuntu-xenial ttyS0

ubuntu-xenial login: 